<?xml version="1.0" encoding="UTF-8"?>
<!-- Generated by org.testng.reporters.JUnitReportReporter -->
<testsuite skipped="0" hostname="HDC1-D-91K1RG2" name="com.test.Test1" tests="3" failures="0" timestamp="08 Mar 2019 06:59:46 GMT" time="2.226" errors="0">
  <testcase name="testSampleThree" time="0.004" classname="com.test.Test1"/>
  <testcase name="testSampleTwo" time="0.002" classname="com.test.Test1"/>
  <testcase name="testPageTitleSample1" time="2.220" classname="com.test.Test1"/>
</testsuite> <!-- com.test.Test1 -->
