<?xml version="1.0" encoding="UTF-8"?>
<!-- Generated by org.testng.reporters.JUnitReportReporter -->
<testsuite skipped="0" hostname="HDC1-D-91K1RG2" name="com.test.Test2" tests="4" failures="0" timestamp="09 Oct 2018 09:52:37 GMT" time="4.123" errors="0">
  <testcase name="testSampleOne" time="0.001" classname="com.test.Test2"/>
  <testcase name="testSampleTwo" time="0.001" classname="com.test.Test2"/>
  <testcase name="testSampleThree" time="0.001" classname="com.test.Test2"/>
  <testcase name="testPageTitleSample2" time="4.120" classname="com.test.Test2"/>
</testsuite> <!-- com.test.Test2 -->
