<?xml version="1.0" encoding="UTF-8"?>
<!-- Generated by org.testng.reporters.JUnitReportReporter -->
<testsuite skipped="0" hostname="HDC1-D-91K1RG2" name="com.test.Test2" tests="4" failures="0" timestamp="08 Mar 2019 06:59:46 GMT" time="4.054" errors="0">
  <testcase name="testPageTitleSample2" time="4.048" classname="com.test.Test2"/>
  <testcase name="testSampleThree" time="0.002" classname="com.test.Test2"/>
  <testcase name="testSampleOne" time="0.002" classname="com.test.Test2"/>
  <testcase name="testSampleTwo" time="0.002" classname="com.test.Test2"/>
</testsuite> <!-- com.test.Test2 -->
