<?xml version="1.0" encoding="UTF-8"?>
<!-- Generated by org.testng.reporters.JUnitReportReporter -->
<testsuite skipped="0" hostname="HDC1-D-91K1RG2" name="com.test.Test1" tests="3" failures="0" timestamp="09 Oct 2018 09:52:37 GMT" time="4.628" errors="0">
  <testcase name="testPageTitleSample1" time="4.625" classname="com.test.Test1"/>
  <testcase name="testSampleThree" time="0.001" classname="com.test.Test1"/>
  <testcase name="testSampleTwo" time="0.002" classname="com.test.Test1"/>
</testsuite> <!-- com.test.Test1 -->
