<?xml version="1.0" encoding="UTF-8"?>
<!-- Generated by org.testng.reporters.JUnitReportReporter -->
<testsuite skipped="0" hostname="HDC1-D-91K1RG2" name="com.test.Test2" tests="4" failures="0" timestamp="12 Oct 2018 09:40:11 GMT" time="7.730" errors="0">
  <testcase name="testSampleThree" time="0.000" classname="com.test.Test2"/>
  <testcase name="testSampleOne" time="0.000" classname="com.test.Test2"/>
  <testcase name="testPageTitleSample2" time="7.730" classname="com.test.Test2"/>
  <testcase name="testSampleTwo" time="0.000" classname="com.test.Test2"/>
</testsuite> <!-- com.test.Test2 -->
